# JRE version: OpenJDK Runtime Environment Temurin-17.0.4.1+1 (17.0.4.1+1) (build 17.0.4.1+1)
# Java VM: OpenJDK 64-Bit Server VM Temurin-17.0.4.1+1 (17.0.4.1+1, mixed mode, emulated-client, tiered, compressed oops, compressed class ptrs, g1 gc, windows-amd64)
GC Precious Log:
 CPUs: 16 total, 16 available
 Memory: 16302M
 Large Page Support: Disabled
 NUMA Support: Disabled
 Compressed Oops: Enabled (Zero based)
 Heap Region Size: 2M
 Heap Min Capacity: 8M
 Heap Initial Capacity: 256M
 Heap Max Capacity: 4076M
 Pre-touch: Disabled
 Parallel Workers: 13
 Concurrent Workers: 3
 Concurrent Refinement Workers: 13
 Periodic GC: Disabled
Heap:
 garbage-first heap   total 192512K, used 65480K [0x0000000701400000, 0x0000000800000000)
  region size 2048K, 20 young (40960K), 3 survivors (6144K)
 Metaspace       used 72149K, committed 72704K, reserved 1114112K
  class space    used 9734K, committed 9984K, reserved 1048576K
GC Heap History (20 events):
Event: 4.827 GC heap before
{Heap before GC invocations=12 (full 0):
 garbage-first heap   total 73728K, used 20566K [0x0000000701400000, 0x0000000800000000)
  region size 2048K, 6 young (12288K), 5 survivors (10240K)
 Metaspace       used 39106K, committed 39488K, reserved 1089536K
  class space    used 4830K, committed 5056K, reserved 1048576K
}
Event: 4.832 GC heap after
{Heap after GC invocations=13 (full 0):
 garbage-first heap   total 73728K, used 19287K [0x0000000701400000, 0x0000000800000000)
  region size 2048K, 1 young (2048K), 1 survivors (2048K)
 Metaspace       used 39106K, committed 39488K, reserved 1089536K
  class space    used 4830K, committed 5056K, reserved 1048576K
}
Event: 5.088 GC heap before
{Heap before GC invocations=13 (full 0):
 garbage-first heap   total 73728K, used 54103K [0x0000000701400000, 0x0000000800000000)
  region size 2048K, 19 young (38912K), 1 survivors (2048K)
 Metaspace       used 42165K, committed 42560K, reserved 1089536K
  class space    used 5254K, committed 5440K, reserved 1048576K
}
Event: 5.091 GC heap after
{Heap after GC invocations=14 (full 0):
 garbage-first heap   total 147456K, used 19161K [0x0000000701400000, 0x0000000800000000)
  region size 2048K, 1 young (2048K), 1 survivors (2048K)
 Metaspace       used 42165K, committed 42560K, reserved 1089536K
  class space    used 5254K, committed 5440K, reserved 1048576K
}
Event: 5.772 GC heap before
{Heap before GC invocations=14 (full 0):
 garbage-first heap   total 147456K, used 105177K [0x0000000701400000, 0x0000000800000000)
  region size 2048K, 43 young (88064K), 1 survivors (2048K)
 Metaspace       used 50891K, committed 51392K, reserved 1097728K
  class space    used 6546K, committed 6784K, reserved 1048576K
}
Event: 5.775 GC heap after
{Heap after GC invocations=15 (full 0):
 garbage-first heap   total 147456K, used 21031K [0x0000000701400000, 0x0000000800000000)
  region size 2048K, 2 young (4096K), 2 survivors (4096K)
 Metaspace       used 50891K, committed 51392K, reserved 1097728K
  class space    used 6546K, committed 6784K, reserved 1048576K
}
Event: 6.407 GC heap before
{Heap before GC invocations=15 (full 0):
 garbage-first heap   total 147456K, used 104999K [0x0000000701400000, 0x0000000800000000)
  region size 2048K, 43 young (88064K), 2 survivors (4096K)
 Metaspace       used 58306K, committed 58624K, reserved 1105920K
  class space    used 7658K, committed 7808K, reserved 1048576K
}
Event: 6.411 GC heap after
{Heap after GC invocations=16 (full 0):
 garbage-first heap   total 147456K, used 23156K [0x0000000701400000, 0x0000000800000000)
  region size 2048K, 3 young (6144K), 3 survivors (6144K)
 Metaspace       used 58306K, committed 58624K, reserved 1105920K
  class space    used 7658K, committed 7808K, reserved 1048576K
}
Event: 6.538 GC heap before
{Heap before GC invocations=16 (full 0):
 garbage-first heap   total 147456K, used 43636K [0x0000000701400000, 0x0000000800000000)
  region size 2048K, 14 young (28672K), 3 survivors (6144K)
 Metaspace       used 59692K, committed 60096K, reserved 1105920K
  class space    used 7887K, committed 8064K, reserved 1048576K
}
Event: 6.542 GC heap after
{Heap after GC invocations=17 (full 0):
 garbage-first heap   total 147456K, used 24070K [0x0000000701400000, 0x0000000800000000)
  region size 2048K, 4 young (8192K), 4 survivors (8192K)
 Metaspace       used 59692K, committed 60096K, reserved 1105920K
  class space    used 7887K, committed 8064K, reserved 1048576K
}
Event: 6.861 GC heap before
{Heap before GC invocations=18 (full 0):
 garbage-first heap   total 96256K, used 81414K [0x0000000701400000, 0x0000000800000000)
  region size 2048K, 33 young (67584K), 4 survivors (8192K)
 Metaspace       used 61312K, committed 61760K, reserved 1105920K
  class space    used 8152K, committed 8384K, reserved 1048576K
}
Event: 6.864 GC heap after
{Heap after GC invocations=19 (full 0):
 garbage-first heap   total 96256K, used 25916K [0x0000000701400000, 0x0000000800000000)
  region size 2048K, 4 young (8192K), 4 survivors (8192K)
 Metaspace       used 61312K, committed 61760K, reserved 1105920K
  class space    used 8152K, committed 8384K, reserved 1048576K
}
Event: 6.873 GC heap before
{Heap before GC invocations=19 (full 0):
 garbage-first heap   total 96256K, used 27964K [0x0000000701400000, 0x0000000800000000)
  region size 2048K, 5 young (10240K), 4 survivors (8192K)
 Metaspace       used 61313K, committed 61760K, reserved 1105920K
  class space    used 8152K, committed 8384K, reserved 1048576K
}
Event: 6.876 GC heap after
{Heap after GC invocations=20 (full 0):
 garbage-first heap   total 96256K, used 26381K [0x0000000701400000, 0x0000000800000000)
  region size 2048K, 1 young (2048K), 1 survivors (2048K)
 Metaspace       used 61313K, committed 61760K, reserved 1105920K
  class space    used 8152K, committed 8384K, reserved 1048576K
}
Event: 7.246 GC heap before
{Heap before GC invocations=20 (full 0):
 garbage-first heap   total 96256K, used 77581K [0x0000000701400000, 0x0000000800000000)
  region size 2048K, 26 young (53248K), 1 survivors (2048K)
 Metaspace       used 64704K, committed 65216K, reserved 1105920K
  class space    used 8600K, committed 8832K, reserved 1048576K
}
Event: 7.249 GC heap after
{Heap after GC invocations=21 (full 0):
 garbage-first heap   total 96256K, used 28313K [0x0000000701400000, 0x0000000800000000)
  region size 2048K, 2 young (4096K), 2 survivors (4096K)
 Metaspace       used 64704K, committed 65216K, reserved 1105920K
  class space    used 8600K, committed 8832K, reserved 1048576K
}
Event: 7.598 GC heap before
{Heap before GC invocations=21 (full 0):
 garbage-first heap   total 96256K, used 77465K [0x0000000701400000, 0x0000000800000000)
  region size 2048K, 26 young (53248K), 2 survivors (4096K)
 Metaspace       used 67785K, committed 68288K, reserved 1114112K
  class space    used 9106K, committed 9344K, reserved 1048576K
}
Event: 7.603 GC heap after
{Heap after GC invocations=22 (full 0):
 garbage-first heap   total 96256K, used 30786K [0x0000000701400000, 0x0000000800000000)
  region size 2048K, 3 young (6144K), 3 survivors (6144K)
 Metaspace       used 67785K, committed 68288K, reserved 1114112K
  class space    used 9106K, committed 9344K, reserved 1048576K
}
Event: 12.129 GC heap before
{Heap before GC invocations=22 (full 0):
 garbage-first heap   total 96256K, used 75842K [0x0000000701400000, 0x0000000800000000)
  region size 2048K, 26 young (53248K), 3 survivors (6144K)
 Metaspace       used 71178K, committed 71744K, reserved 1114112K
  class space    used 9588K, committed 9856K, reserved 1048576K
}
Event: 12.135 GC heap after
{Heap after GC invocations=23 (full 0):
 garbage-first heap   total 192512K, used 32712K [0x0000000701400000, 0x0000000800000000)
  region size 2048K, 3 young (6144K), 3 survivors (6144K)
 Metaspace       used 71178K, committed 71744K, reserved 1114112K
  class space    used 9588K, committed 9856K, reserved 1048576K
}

